This is pdfTeX, Version 3.141592653-2.6-1.40.27 (MiKTeX 25.4) (preloaded format=pdflatex 2025.6.24)  25 JUN 2025 23:29
entering extended mode
 restricted \write18 enabled.
 %&-line parsing enabled.
**"./Electrons drift.tex"
(Electrons drift.tex
LaTeX2e <2025-06-01> patch level 1
L3 programming layer <2025-05-26>
(C:\Users\Samuele\AppData\Local\Programs\MiKTeX\tex/latex/base\book.cls
Document Class: book 2025/01/22 v1.4n Standard LaTeX document class
(C:\Users\Samuele\AppData\Local\Programs\MiKTeX\tex/latex/base\bk10.clo
File: bk10.clo 2025/01/22 v1.4n Standard LaTeX file (size option)
)
\c@part=\count275
\c@chapter=\count276
\c@section=\count277
\c@subsection=\count278
\c@subsubsection=\count279
\c@paragraph=\count280
\c@subparagraph=\count281
\c@figure=\count282
\c@table=\count283
\abovecaptionskip=\skip49
\belowcaptionskip=\skip50
\bibindent=\dimen148
)
(C:\Users\Samuele\AppData\Local\Programs\MiKTeX\tex/latex/geometry\geometry.sty
Package: geometry 2020/01/02 v5.9 Page Geometry
(C:\Users\Samuele\AppData\Local\Programs\MiKTeX\tex/latex/graphics\keyval.sty
Package: keyval 2022/05/29 v1.15 key=value parser (DPC)
\KV@toks@=\toks17
)
(C:\Users\Samuele\AppData\Local\Programs\MiKTeX\tex/generic/iftex\ifvtex.sty
Package: ifvtex 2019/10/25 v1.7 ifvtex legacy package. Use iftex instead.

(C:\Users\Samuele\AppData\Local\Programs\MiKTeX\tex/generic/iftex\iftex.sty
Package: iftex 2024/12/12 v1.0g TeX engine tests
))
\Gm@cnth=\count284
\Gm@cntv=\count285
\c@Gm@tempcnt=\count286
\Gm@bindingoffset=\dimen149
\Gm@wd@mp=\dimen150
\Gm@odd@mp=\dimen151
\Gm@even@mp=\dimen152
\Gm@layoutwidth=\dimen153
\Gm@layoutheight=\dimen154
\Gm@layouthoffset=\dimen155
\Gm@layoutvoffset=\dimen156
\Gm@dimlist=\toks18

(C:\Users\Samuele\AppData\Local\Programs\MiKTeX\tex/latex/geometry\geometry.cfg
)) (C:\Users\Samuele\AppData\Local\Programs\MiKTeX\tex/generic/babel\babel.sty
Package: babel 2025/05/14 v25.9 The multilingual framework for pdfLaTeX, LuaLaT
eX and XeLaTeX
\babel@savecnt=\count287
LaTeX Encoding Info:    Redeclaring text command \ij (encoding OT1) on input li
ne 2043.
LaTeX Encoding Info:    Redeclaring text command \IJ (encoding OT1) on input li
ne 2045.
LaTeX Encoding Info:    Redeclaring text command \ij (encoding T1) on input lin
e 2047.
LaTeX Encoding Info:    Redeclaring text command \IJ (encoding T1) on input lin
e 2048.
LaTeX Encoding Info:    Ignoring declaration for text command \ij (encoding ?) 
on input line 2049.
LaTeX Encoding Info:    Ignoring declaration for text command \IJ (encoding ?) 
on input line 2051.
LaTeX Encoding Info:    Ignoring declaration for text command \SS (encoding ?) 
on input line 2076.
\U@D=\dimen157
\l@unhyphenated=\language79

(C:\Users\Samuele\AppData\Local\Programs\MiKTeX\tex/generic/babel\txtbabel.def)
\bbl@readstream=\read2
\bbl@dirlevel=\count288
*************************************
* Local config file bblopts.cfg used
*
(C:\Users\Samuele\AppData\Local\Programs\MiKTeX\tex/latex/arabi\bblopts.cfg
File: bblopts.cfg 2005/09/08 v0.1 add Arabic and Farsi to "declared" options of
 babel
)
(C:\Users\Samuele\AppData\Local\Programs\MiKTeX\tex/latex/babel-italian\italian
.ldf
Language: italian 2024/10/10 v.1.5.01 Italian support for the babel system

(C:\Users\Samuele\AppData\Local\Programs\MiKTeX\tex/generic/babel/locale/it\bab
el-italian.tex
Package babel Info: Importing font and identification data for italian
(babel)             from babel-it.ini. Reported on input line 11.
)
\it@lettering=\count289
\it@doublequoteactive=\count290
\it@ISOcompliance=\count291
)
(C:\Users\Samuele\AppData\Local\Programs\MiKTeX\tex/latex/babel-english\english
.ldf
Language: english 2017/06/06 v3.3r English support from the babel system

(C:\Users\Samuele\AppData\Local\Programs\MiKTeX\tex/generic/babel/locale/en\bab
el-english.tex
Package babel Info: Importing font and identification data for english
(babel)             from babel-en.ini. Reported on input line 11.
)
Package babel Info: Hyphen rules for 'canadian' set to \l@english
(babel)             (\language0). Reported on input line 102.
Package babel Info: Hyphen rules for 'australian' set to \l@ukenglish
(babel)             (\language73). Reported on input line 105.
Package babel Info: Hyphen rules for 'newzealand' set to \l@ukenglish
(babel)             (\language73). Reported on input line 108.
))
(C:\Users\Samuele\AppData\Local\Programs\MiKTeX\tex/latex/etoolbox\etoolbox.sty
Package: etoolbox 2025/02/11 v2.5l e-TeX tools for LaTeX (JAW)
\etb@tempcnta=\count292
) (C:\Users\Samuele\AppData\Local\Programs\MiKTeX\tex/latex/base\fontenc.sty
Package: fontenc 2024/12/21 v2.1c Standard LaTeX package
)
(C:\Users\Samuele\AppData\Local\Programs\MiKTeX\tex/latex/lm\lmodern.sty
Package: lmodern 2015/05/01 v1.6.1 Latin Modern Fonts
LaTeX Font Info:    Overwriting symbol font `operators' in version `normal'
(Font)                  OT1/cmr/m/n --> OT1/lmr/m/n on input line 22.
LaTeX Font Info:    Overwriting symbol font `letters' in version `normal'
(Font)                  OML/cmm/m/it --> OML/lmm/m/it on input line 23.
LaTeX Font Info:    Overwriting symbol font `symbols' in version `normal'
(Font)                  OMS/cmsy/m/n --> OMS/lmsy/m/n on input line 24.
LaTeX Font Info:    Overwriting symbol font `largesymbols' in version `normal'
(Font)                  OMX/cmex/m/n --> OMX/lmex/m/n on input line 25.
LaTeX Font Info:    Overwriting symbol font `operators' in version `bold'
(Font)                  OT1/cmr/bx/n --> OT1/lmr/bx/n on input line 26.
LaTeX Font Info:    Overwriting symbol font `letters' in version `bold'
(Font)                  OML/cmm/b/it --> OML/lmm/b/it on input line 27.
LaTeX Font Info:    Overwriting symbol font `symbols' in version `bold'
(Font)                  OMS/cmsy/b/n --> OMS/lmsy/b/n on input line 28.
LaTeX Font Info:    Overwriting symbol font `largesymbols' in version `bold'
(Font)                  OMX/cmex/m/n --> OMX/lmex/m/n on input line 29.
LaTeX Font Info:    Overwriting math alphabet `\mathbf' in version `normal'
(Font)                  OT1/cmr/bx/n --> OT1/lmr/bx/n on input line 31.
LaTeX Font Info:    Overwriting math alphabet `\mathsf' in version `normal'
(Font)                  OT1/cmss/m/n --> OT1/lmss/m/n on input line 32.
LaTeX Font Info:    Overwriting math alphabet `\mathit' in version `normal'
(Font)                  OT1/cmr/m/it --> OT1/lmr/m/it on input line 33.
LaTeX Font Info:    Overwriting math alphabet `\mathtt' in version `normal'
(Font)                  OT1/cmtt/m/n --> OT1/lmtt/m/n on input line 34.
LaTeX Font Info:    Overwriting math alphabet `\mathbf' in version `bold'
(Font)                  OT1/cmr/bx/n --> OT1/lmr/bx/n on input line 35.
LaTeX Font Info:    Overwriting math alphabet `\mathsf' in version `bold'
(Font)                  OT1/cmss/bx/n --> OT1/lmss/bx/n on input line 36.
LaTeX Font Info:    Overwriting math alphabet `\mathit' in version `bold'
(Font)                  OT1/cmr/bx/it --> OT1/lmr/bx/it on input line 37.
LaTeX Font Info:    Overwriting math alphabet `\mathtt' in version `bold'
(Font)                  OT1/cmtt/m/n --> OT1/lmtt/m/n on input line 38.
)
(C:\Users\Samuele\AppData\Local\Programs\MiKTeX\tex/latex/graphics\color.sty
Package: color 2025/01/14 v1.3e Standard LaTeX Color (DPC)

(C:\Users\Samuele\AppData\Local\Programs\MiKTeX\tex/latex/graphics-cfg\color.cf
g
File: color.cfg 2016/01/02 v1.6 sample color configuration
)
Package color Info: Driver file: pdftex.def on input line 149.

(C:\Users\Samuele\AppData\Local\Programs\MiKTeX\tex/latex/graphics-def\pdftex.d
ef
File: pdftex.def 2024/04/13 v1.2c Graphics/color driver for pdftex
)
(C:\Users\Samuele\AppData\Local\Programs\MiKTeX\tex/latex/graphics\mathcolor.lt
x)) (C:\Users\Samuele\AppData\Local\Programs\MiKTeX\tex/latex/float\float.sty
Package: float 2001/11/08 v1.3d Float enhancements (AL)
\c@float@type=\count293
\float@exts=\toks19
\float@box=\box53
\@float@everytoks=\toks20
\@floatcapt=\box54
)
(C:\Users\Samuele\AppData\Local\Programs\MiKTeX\tex/latex/graphics\graphicx.sty
Package: graphicx 2024/12/31 v1.2e Enhanced LaTeX Graphics (DPC,SPQR)

(C:\Users\Samuele\AppData\Local\Programs\MiKTeX\tex/latex/graphics\graphics.sty
Package: graphics 2024/08/06 v1.4g Standard LaTeX Graphics (DPC,SPQR)
(C:\Users\Samuele\AppData\Local\Programs\MiKTeX\tex/latex/graphics\trig.sty
Package: trig 2023/12/02 v1.11 sin cos tan (DPC)
)
(C:\Users\Samuele\AppData\Local\Programs\MiKTeX\tex/latex/graphics-cfg\graphics
.cfg
File: graphics.cfg 2016/06/04 v1.11 sample graphics configuration
)
Package graphics Info: Driver file: pdftex.def on input line 106.
)
\Gin@req@height=\dimen158
\Gin@req@width=\dimen159
)
(C:\Users\Samuele\AppData\Local\Programs\MiKTeX\tex/latex/amsfonts\amssymb.sty
Package: amssymb 2013/01/14 v3.01 AMS font symbols

(C:\Users\Samuele\AppData\Local\Programs\MiKTeX\tex/latex/amsfonts\amsfonts.sty
Package: amsfonts 2013/01/14 v3.01 Basic AMSFonts support
\@emptytoks=\toks21
\symAMSa=\mathgroup4
\symAMSb=\mathgroup5
LaTeX Font Info:    Redeclaring math symbol \hbar on input line 98.
LaTeX Font Info:    Overwriting math alphabet `\mathfrak' in version `bold'
(Font)                  U/euf/m/n --> U/euf/b/n on input line 106.
))
(C:\Users\Samuele\AppData\Local\Programs\MiKTeX\tex/latex/amsmath\amsmath.sty
Package: amsmath 2025/06/16 v2.17y AMS math features
\@mathmargin=\skip51

For additional information on amsmath, use the `?' option.
(C:\Users\Samuele\AppData\Local\Programs\MiKTeX\tex/latex/amsmath\amstext.sty
Package: amstext 2024/11/17 v2.01 AMS text

(C:\Users\Samuele\AppData\Local\Programs\MiKTeX\tex/latex/amsmath\amsgen.sty
File: amsgen.sty 1999/11/30 v2.0 generic functions
\@emptytoks=\toks22
\ex@=\dimen160
))
(C:\Users\Samuele\AppData\Local\Programs\MiKTeX\tex/latex/amsmath\amsbsy.sty
Package: amsbsy 1999/11/29 v1.2d Bold Symbols
\pmbraise@=\dimen161
)
(C:\Users\Samuele\AppData\Local\Programs\MiKTeX\tex/latex/amsmath\amsopn.sty
Package: amsopn 2022/04/08 v2.04 operator names
)
\inf@bad=\count294
LaTeX Info: Redefining \frac on input line 233.
\uproot@=\count295
\leftroot@=\count296
LaTeX Info: Redefining \overline on input line 398.
LaTeX Info: Redefining \colon on input line 409.
\classnum@=\count297
\DOTSCASE@=\count298
LaTeX Info: Redefining \ldots on input line 495.
LaTeX Info: Redefining \dots on input line 498.
LaTeX Info: Redefining \cdots on input line 619.
\Mathstrutbox@=\box55
\strutbox@=\box56
LaTeX Info: Redefining \big on input line 721.
LaTeX Info: Redefining \Big on input line 722.
LaTeX Info: Redefining \bigg on input line 723.
LaTeX Info: Redefining \Bigg on input line 724.
\big@size=\dimen162
LaTeX Font Info:    Redeclaring font encoding OML on input line 742.
LaTeX Font Info:    Redeclaring font encoding OMS on input line 743.
\macc@depth=\count299
LaTeX Info: Redefining \bmod on input line 904.
LaTeX Info: Redefining \pmod on input line 909.
LaTeX Info: Redefining \smash on input line 939.
LaTeX Info: Redefining \relbar on input line 969.
LaTeX Info: Redefining \Relbar on input line 970.
\c@MaxMatrixCols=\count300
\dotsspace@=\muskip17
\c@parentequation=\count301
\dspbrk@lvl=\count302
\tag@help=\toks23
\row@=\count303
\column@=\count304
\maxfields@=\count305
\andhelp@=\toks24
\eqnshift@=\dimen163
\alignsep@=\dimen164
\tagshift@=\dimen165
\tagwidth@=\dimen166
\totwidth@=\dimen167
\lineht@=\dimen168
\@envbody=\toks25
\multlinegap=\skip52
\multlinetaggap=\skip53
\mathdisplay@stack=\toks26
LaTeX Info: Redefining \[ on input line 2949.
LaTeX Info: Redefining \] on input line 2950.
)
(C:\Users\Samuele\AppData\Local\Programs\MiKTeX\tex/latex/cancel\cancel.sty
Package: cancel 2013/04/12 v2.2 Cancel math terms
)
(C:\Users\Samuele\AppData\Local\Programs\MiKTeX\tex/latex/booktabs\booktabs.sty
Package: booktabs 2020/01/12 v1.61803398 Publication quality tables
\heavyrulewidth=\dimen169
\lightrulewidth=\dimen170
\cmidrulewidth=\dimen171
\belowrulesep=\dimen172
\belowbottomsep=\dimen173
\aboverulesep=\dimen174
\abovetopsep=\dimen175
\cmidrulesep=\dimen176
\cmidrulekern=\dimen177
\defaultaddspace=\dimen178
\@cmidla=\count306
\@cmidlb=\count307
\@aboverulesep=\dimen179
\@belowrulesep=\dimen180
\@thisruleclass=\count308
\@lastruleclass=\count309
\@thisrulewidth=\dimen181
)
(C:\Users\Samuele\AppData\Local\Programs\MiKTeX\tex/latex/multirow\multirow.sty
Package: multirow 2024/11/12 v2.9 Span multiple rows of a table
\multirow@colwidth=\skip54
\multirow@cntb=\count310
\multirow@dima=\skip55
\bigstrutjot=\dimen182
) (C:\Users\Samuele\AppData\Local\Programs\MiKTeX\tex/latex/siunitx\siunitx.sty
Package: siunitx 2025-05-22 v3.4.12 A comprehensive (SI) units package
\l__siunitx_number_uncert_offset_int=\count311
\l__siunitx_number_exponent_fixed_int=\count312
\l__siunitx_number_min_decimal_int=\count313
\l__siunitx_number_min_integer_int=\count314
\l__siunitx_number_round_precision_int=\count315
\l__siunitx_number_lower_threshold_int=\count316
\l__siunitx_number_upper_threshold_int=\count317
\l__siunitx_number_group_first_int=\count318
\l__siunitx_number_group_size_int=\count319
\l__siunitx_number_group_minimum_int=\count320
\l__siunitx_angle_tmp_dim=\dimen183
\l__siunitx_angle_marker_box=\box57
\l__siunitx_angle_unit_box=\box58
\l__siunitx_compound_count_int=\count321

(C:\Users\Samuele\AppData\Local\Programs\MiKTeX\tex/latex/translations\translat
ions.sty
Package: translations 2022/02/05 v1.12 internationalization of LaTeX2e packages
 (CN)

(C:\Users\Samuele\AppData\Local\Programs\MiKTeX\tex/generic/pdftexcmds\pdftexcm
ds.sty
Package: pdftexcmds 2020-06-27 v0.33 Utility functions of pdfTeX for LuaTeX (HO
)

(C:\Users\Samuele\AppData\Local\Programs\MiKTeX\tex/generic/infwarerr\infwarerr
.sty
Package: infwarerr 2019/12/03 v1.5 Providing info/warning/error messages (HO)
)
(C:\Users\Samuele\AppData\Local\Programs\MiKTeX\tex/generic/ltxcmds\ltxcmds.sty
Package: ltxcmds 2023-12-04 v1.26 LaTeX kernel commands for general use (HO)
)
Package pdftexcmds Info: \pdf@primitive is available.
Package pdftexcmds Info: \pdf@ifprimitive is available.
Package pdftexcmds Info: \pdfdraftmode found.
))
\l__siunitx_table_tmp_box=\box59
\l__siunitx_table_tmp_dim=\dimen184
\l__siunitx_table_column_width_dim=\dimen185
\l__siunitx_table_integer_box=\box60
\l__siunitx_table_decimal_box=\box61
\l__siunitx_table_uncert_box=\box62
\l__siunitx_table_before_box=\box63
\l__siunitx_table_after_box=\box64
\l__siunitx_table_before_dim=\dimen186
\l__siunitx_table_carry_dim=\dimen187
\l__siunitx_unit_tmp_int=\count322
\l__siunitx_unit_position_int=\count323
\l__siunitx_unit_total_int=\count324
 (C:\Users\Samuele\AppData\Local\Programs\MiKTeX\tex/latex/tools\array.sty
Package: array 2025/06/08 v2.6j Tabular extension package (FMi)
\col@sep=\dimen188
\ar@mcellbox=\box65
\extrarowheight=\dimen189
\NC@list=\toks27
\extratabsurround=\skip56
\backup@length=\skip57
\ar@cellbox=\box66
))
(C:\Users\Samuele\AppData\Local\Programs\MiKTeX\tex/latex/caption\subcaption.st
y
Package: subcaption 2023/07/28 v1.6b Sub-captions (AR)
 (C:\Users\Samuele\AppData\Local\Programs\MiKTeX\tex/latex/caption\caption.sty
Package: caption 2023/08/05 v3.6o Customizing captions (AR)
(C:\Users\Samuele\AppData\Local\Programs\MiKTeX\tex/latex/caption\caption3.sty
Package: caption3 2023/07/31 v2.4d caption3 kernel (AR)
\caption@tempdima=\dimen190
\captionmargin=\dimen191
\caption@leftmargin=\dimen192
\caption@rightmargin=\dimen193
\caption@width=\dimen194
\caption@indent=\dimen195
\caption@parindent=\dimen196
\caption@hangindent=\dimen197
Package caption Info: Standard document class detected.
)
\c@caption@flags=\count325
\c@continuedfloat=\count326
Package caption Info: float package is loaded.
)
Package caption Info: New subtype `subfigure' on input line 238.
\c@subfigure=\count327
Package caption Info: New subtype `subtable' on input line 238.
\c@subtable=\count328
)
(C:\Users\Samuele\AppData\Local\Programs\MiKTeX\tex/latex/hyperref\hyperref.sty
Package: hyperref 2025-05-20 v7.01m Hypertext links for LaTeX

(C:\Users\Samuele\AppData\Local\Programs\MiKTeX\tex/latex/kvsetkeys\kvsetkeys.s
ty
Package: kvsetkeys 2022-10-05 v1.19 Key value parser (HO)
)
(C:\Users\Samuele\AppData\Local\Programs\MiKTeX\tex/generic/kvdefinekeys\kvdefi
nekeys.sty
Package: kvdefinekeys 2019-12-19 v1.6 Define keys (HO)
)
(C:\Users\Samuele\AppData\Local\Programs\MiKTeX\tex/generic/pdfescape\pdfescape
.sty
Package: pdfescape 2019/12/09 v1.15 Implements pdfTeX's escape features (HO)
)
(C:\Users\Samuele\AppData\Local\Programs\MiKTeX\tex/latex/hycolor\hycolor.sty
Package: hycolor 2020-01-27 v1.10 Color options for hyperref/bookmark (HO)
)
(C:\Users\Samuele\AppData\Local\Programs\MiKTeX\tex/latex/hyperref\nameref.sty
Package: nameref 2023-11-26 v2.56 Cross-referencing by name of section

(C:\Users\Samuele\AppData\Local\Programs\MiKTeX\tex/latex/refcount\refcount.sty
Package: refcount 2019/12/15 v3.6 Data extraction from label references (HO)
)
(C:\Users\Samuele\AppData\Local\Programs\MiKTeX\tex/generic/gettitlestring\gett
itlestring.sty
Package: gettitlestring 2019/12/15 v1.6 Cleanup title references (HO)

(C:\Users\Samuele\AppData\Local\Programs\MiKTeX\tex/latex/kvoptions\kvoptions.s
ty
Package: kvoptions 2022-06-15 v3.15 Key value format for package options (HO)
))
\c@section@level=\count329
)
(C:\Users\Samuele\AppData\Local\Programs\MiKTeX\tex/generic/stringenc\stringenc
.sty
Package: stringenc 2019/11/29 v1.12 Convert strings between diff. encodings (HO
)
)
\@linkdim=\dimen198
\Hy@linkcounter=\count330
\Hy@pagecounter=\count331

(C:\Users\Samuele\AppData\Local\Programs\MiKTeX\tex/latex/hyperref\pd1enc.def
File: pd1enc.def 2025-05-20 v7.01m Hyperref: PDFDocEncoding definition (HO)
Now handling font encoding PD1 ...
... no UTF-8 mapping file for font encoding PD1
)
(C:\Users\Samuele\AppData\Local\Programs\MiKTeX\tex/generic/intcalc\intcalc.sty
Package: intcalc 2019/12/15 v1.3 Expandable calculations with integers (HO)
)
\Hy@SavedSpaceFactor=\count332
 (C:\Users\Samuele\AppData\Local\Programs\MiKTeX\tex/latex/hyperref\puenc.def
File: puenc.def 2025-05-20 v7.01m Hyperref: PDF Unicode definition (HO)
Now handling font encoding PU ...
... no UTF-8 mapping file for font encoding PU
)
Package hyperref Info: Hyper figures OFF on input line 4157.
Package hyperref Info: Link nesting OFF on input line 4162.
Package hyperref Info: Hyper index ON on input line 4165.
Package hyperref Info: Plain pages OFF on input line 4172.
Package hyperref Info: Backreferencing OFF on input line 4177.
Package hyperref Info: Implicit mode ON; LaTeX internals redefined.
Package hyperref Info: Bookmarks ON on input line 4424.
\c@Hy@tempcnt=\count333
(C:\Users\Samuele\AppData\Local\Programs\MiKTeX\tex/latex/url\url.sty
\Urlmuskip=\muskip18
Package: url 2013/09/16  ver 3.4  Verb mode for urls, etc.
)
LaTeX Info: Redefining \url on input line 4763.
\XeTeXLinkMargin=\dimen199

(C:\Users\Samuele\AppData\Local\Programs\MiKTeX\tex/generic/bitset\bitset.sty
Package: bitset 2019/12/09 v1.3 Handle bit-vector datatype (HO)

(C:\Users\Samuele\AppData\Local\Programs\MiKTeX\tex/generic/bigintcalc\bigintca
lc.sty
Package: bigintcalc 2019/12/15 v1.5 Expandable calculations on big integers (HO
)
))
\Fld@menulength=\count334
\Field@Width=\dimen256
\Fld@charsize=\dimen257
Package hyperref Info: Hyper figures OFF on input line 6042.
Package hyperref Info: Link nesting OFF on input line 6047.
Package hyperref Info: Hyper index ON on input line 6050.
Package hyperref Info: backreferencing OFF on input line 6057.
Package hyperref Info: Link coloring OFF on input line 6062.
Package hyperref Info: Link coloring with OCG OFF on input line 6067.
Package hyperref Info: PDF/A mode OFF on input line 6072.

(C:\Users\Samuele\AppData\Local\Programs\MiKTeX\tex/latex/base\atbegshi-ltx.sty
Package: atbegshi-ltx 2021/01/10 v1.0c Emulation of the original atbegshi
package with kernel methods
)
\Hy@abspage=\count335
\c@Item=\count336
\c@Hfootnote=\count337
)
Package hyperref Info: Driver (autodetected): hpdftex.

(C:\Users\Samuele\AppData\Local\Programs\MiKTeX\tex/latex/hyperref\hpdftex.def
File: hpdftex.def 2025-05-20 v7.01m Hyperref driver for pdfTeX
\Fld@listcount=\count338
\c@bookmark@seq@number=\count339

(C:\Users\Samuele\AppData\Local\Programs\MiKTeX\tex/latex/rerunfilecheck\rerunf
ilecheck.sty
Package: rerunfilecheck 2022-07-10 v1.10 Rerun checks for auxiliary files (HO)

(C:\Users\Samuele\AppData\Local\Programs\MiKTeX\tex/latex/base\atveryend-ltx.st
y
Package: atveryend-ltx 2020/08/19 v1.0a Emulation of the original atveryend pac
kage
with kernel methods
)
(C:\Users\Samuele\AppData\Local\Programs\MiKTeX\tex/generic/uniquecounter\uniqu
ecounter.sty
Package: uniquecounter 2019/12/15 v1.4 Provide unlimited unique counter (HO)
)
Package uniquecounter Info: New unique counter `rerunfilecheck' on input line 2
85.
)
\Hy@SectionHShift=\skip58
)
(C:\Users\Samuele\AppData\Local\Programs\MiKTeX\tex/latex/hyphenat\hyphenat.sty
Package: hyphenat 2009/09/02 v2.3c hyphenation utilities
\langwohyphens=\language80
LaTeX Info: Redefining \_ on input line 43.
) (C:\Users\Samuele\AppData\Local\Programs\MiKTeX\tex/latex/tools\verbatim.sty
Package: verbatim 2024-01-22 v1.5x LaTeX2e package for verbatim enhancements
\every@verbatim=\toks28
\verbatim@line=\toks29
\verbatim@in@stream=\read3
)
(C:\Users\Samuele\AppData\Local\Programs\MiKTeX\tex/latex/l3packages/l3keys2e\l
3keys2e.sty
(C:\Users\Samuele\AppData\Local\Programs\MiKTeX\tex/latex/l3kernel\expl3.sty
Package: expl3 2025-05-26 L3 programming layer (loader) 

(C:\Users\Samuele\AppData\Local\Programs\MiKTeX\tex/latex/l3backend\l3backend-p
dftex.def
File: l3backend-pdftex.def 2025-04-14 L3 backend support: PDF output (pdfTeX)
\l__color_backend_stack_int=\count340
))
Package: l3keys2e 2024-08-16 LaTeX2e option processing using LaTeX3 keys
)
(C:\Users\Samuele\AppData\Local\Programs\MiKTeX\tex/latex/chemformula\chemformu
la.sty
(C:\Users\Samuele\AppData\Local\Programs\MiKTeX\tex/latex/pgf/frontendlayer\tik
z.sty
(C:\Users\Samuele\AppData\Local\Programs\MiKTeX\tex/latex/pgf/basiclayer\pgf.st
y
(C:\Users\Samuele\AppData\Local\Programs\MiKTeX\tex/latex/pgf/utilities\pgfrcs.
sty
(C:\Users\Samuele\AppData\Local\Programs\MiKTeX\tex/generic/pgf/utilities\pgfut
il-common.tex
\pgfutil@everybye=\toks30
\pgfutil@tempdima=\dimen258
\pgfutil@tempdimb=\dimen259
)
(C:\Users\Samuele\AppData\Local\Programs\MiKTeX\tex/generic/pgf/utilities\pgfut
il-latex.def
\pgfutil@abb=\box67
)
(C:\Users\Samuele\AppData\Local\Programs\MiKTeX\tex/generic/pgf/utilities\pgfrc
s.code.tex
(C:\Users\Samuele\AppData\Local\Programs\MiKTeX\tex/generic/pgf\pgf.revision.te
x)
Package: pgfrcs 2023-01-15 v3.1.10 (3.1.10)
))
Package: pgf 2023-01-15 v3.1.10 (3.1.10)

(C:\Users\Samuele\AppData\Local\Programs\MiKTeX\tex/latex/pgf/basiclayer\pgfcor
e.sty
(C:\Users\Samuele\AppData\Local\Programs\MiKTeX\tex/latex/pgf/systemlayer\pgfsy
s.sty
(C:\Users\Samuele\AppData\Local\Programs\MiKTeX\tex/generic/pgf/systemlayer\pgf
sys.code.tex
Package: pgfsys 2023-01-15 v3.1.10 (3.1.10)

(C:\Users\Samuele\AppData\Local\Programs\MiKTeX\tex/generic/pgf/utilities\pgfke
ys.code.tex
\pgfkeys@pathtoks=\toks31
\pgfkeys@temptoks=\toks32

(C:\Users\Samuele\AppData\Local\Programs\MiKTeX\tex/generic/pgf/utilities\pgfke
yslibraryfiltered.code.tex
\pgfkeys@tmptoks=\toks33
))
\pgf@x=\dimen260
\pgf@y=\dimen261
\pgf@xa=\dimen262
\pgf@ya=\dimen263
\pgf@xb=\dimen264
\pgf@yb=\dimen265
\pgf@xc=\dimen266
\pgf@yc=\dimen267
\pgf@xd=\dimen268
\pgf@yd=\dimen269
\w@pgf@writea=\write3
\r@pgf@reada=\read4
\c@pgf@counta=\count341
\c@pgf@countb=\count342
\c@pgf@countc=\count343
\c@pgf@countd=\count344
\t@pgf@toka=\toks34
\t@pgf@tokb=\toks35
\t@pgf@tokc=\toks36
\pgf@sys@id@count=\count345

(C:\Users\Samuele\AppData\Local\Programs\MiKTeX\tex/generic/pgf/systemlayer\pgf
.cfg
File: pgf.cfg 2023-01-15 v3.1.10 (3.1.10)
)
Driver file for pgf: pgfsys-pdftex.def

(C:\Users\Samuele\AppData\Local\Programs\MiKTeX\tex/generic/pgf/systemlayer\pgf
sys-pdftex.def
File: pgfsys-pdftex.def 2023-01-15 v3.1.10 (3.1.10)

(C:\Users\Samuele\AppData\Local\Programs\MiKTeX\tex/generic/pgf/systemlayer\pgf
sys-common-pdf.def
File: pgfsys-common-pdf.def 2023-01-15 v3.1.10 (3.1.10)
)))
(C:\Users\Samuele\AppData\Local\Programs\MiKTeX\tex/generic/pgf/systemlayer\pgf
syssoftpath.code.tex
File: pgfsyssoftpath.code.tex 2023-01-15 v3.1.10 (3.1.10)
\pgfsyssoftpath@smallbuffer@items=\count346
\pgfsyssoftpath@bigbuffer@items=\count347
)
(C:\Users\Samuele\AppData\Local\Programs\MiKTeX\tex/generic/pgf/systemlayer\pgf
sysprotocol.code.tex
File: pgfsysprotocol.code.tex 2023-01-15 v3.1.10 (3.1.10)
))
(C:\Users\Samuele\AppData\Local\Programs\MiKTeX\tex/latex/xcolor\xcolor.sty
Package: xcolor 2024/09/29 v3.02 LaTeX color extensions (UK)

(C:\Users\Samuele\AppData\Local\Programs\MiKTeX\tex/latex/graphics-cfg\color.cf
g
File: color.cfg 2016/01/02 v1.6 sample color configuration
)
Package xcolor Info: Driver file: pdftex.def on input line 274.
LaTeX Info: Redefining \color on input line 762.

(C:\Users\Samuele\AppData\Local\Programs\MiKTeX\tex/latex/graphics\mathcolor.lt
x)
Package xcolor Info: Model `cmy' substituted by `cmy0' on input line 1349.
Package xcolor Info: Model `hsb' substituted by `rgb' on input line 1353.
Package xcolor Info: Model `RGB' extended on input line 1365.
Package xcolor Info: Model `HTML' substituted by `rgb' on input line 1367.
Package xcolor Info: Model `Hsb' substituted by `hsb' on input line 1368.
Package xcolor Info: Model `tHsb' substituted by `hsb' on input line 1369.
Package xcolor Info: Model `HSB' substituted by `hsb' on input line 1370.
Package xcolor Info: Model `Gray' substituted by `gray' on input line 1371.
Package xcolor Info: Model `wave' substituted by `hsb' on input line 1372.
)
(C:\Users\Samuele\AppData\Local\Programs\MiKTeX\tex/generic/pgf/basiclayer\pgfc
ore.code.tex
Package: pgfcore 2023-01-15 v3.1.10 (3.1.10)

(C:\Users\Samuele\AppData\Local\Programs\MiKTeX\tex/generic/pgf/math\pgfmath.co
de.tex
(C:\Users\Samuele\AppData\Local\Programs\MiKTeX\tex/generic/pgf/math\pgfmathuti
l.code.tex)
(C:\Users\Samuele\AppData\Local\Programs\MiKTeX\tex/generic/pgf/math\pgfmathpar
ser.code.tex
\pgfmath@dimen=\dimen270
\pgfmath@count=\count348
\pgfmath@box=\box68
\pgfmath@toks=\toks37
\pgfmath@stack@operand=\toks38
\pgfmath@stack@operation=\toks39
)
(C:\Users\Samuele\AppData\Local\Programs\MiKTeX\tex/generic/pgf/math\pgfmathfun
ctions.code.tex)
(C:\Users\Samuele\AppData\Local\Programs\MiKTeX\tex/generic/pgf/math\pgfmathfun
ctions.basic.code.tex)
(C:\Users\Samuele\AppData\Local\Programs\MiKTeX\tex/generic/pgf/math\pgfmathfun
ctions.trigonometric.code.tex)
(C:\Users\Samuele\AppData\Local\Programs\MiKTeX\tex/generic/pgf/math\pgfmathfun
ctions.random.code.tex)
(C:\Users\Samuele\AppData\Local\Programs\MiKTeX\tex/generic/pgf/math\pgfmathfun
ctions.comparison.code.tex)
(C:\Users\Samuele\AppData\Local\Programs\MiKTeX\tex/generic/pgf/math\pgfmathfun
ctions.base.code.tex)
(C:\Users\Samuele\AppData\Local\Programs\MiKTeX\tex/generic/pgf/math\pgfmathfun
ctions.round.code.tex)
(C:\Users\Samuele\AppData\Local\Programs\MiKTeX\tex/generic/pgf/math\pgfmathfun
ctions.misc.code.tex)
(C:\Users\Samuele\AppData\Local\Programs\MiKTeX\tex/generic/pgf/math\pgfmathfun
ctions.integerarithmetics.code.tex)
(C:\Users\Samuele\AppData\Local\Programs\MiKTeX\tex/generic/pgf/math\pgfmathcal
c.code.tex)
(C:\Users\Samuele\AppData\Local\Programs\MiKTeX\tex/generic/pgf/math\pgfmathflo
at.code.tex
\c@pgfmathroundto@lastzeros=\count349
))
(C:\Users\Samuele\AppData\Local\Programs\MiKTeX\tex/generic/pgf/math\pgfint.cod
e.tex)
(C:\Users\Samuele\AppData\Local\Programs\MiKTeX\tex/generic/pgf/basiclayer\pgfc
orepoints.code.tex
File: pgfcorepoints.code.tex 2023-01-15 v3.1.10 (3.1.10)
\pgf@picminx=\dimen271
\pgf@picmaxx=\dimen272
\pgf@picminy=\dimen273
\pgf@picmaxy=\dimen274
\pgf@pathminx=\dimen275
\pgf@pathmaxx=\dimen276
\pgf@pathminy=\dimen277
\pgf@pathmaxy=\dimen278
\pgf@xx=\dimen279
\pgf@xy=\dimen280
\pgf@yx=\dimen281
\pgf@yy=\dimen282
\pgf@zx=\dimen283
\pgf@zy=\dimen284
)
(C:\Users\Samuele\AppData\Local\Programs\MiKTeX\tex/generic/pgf/basiclayer\pgfc
orepathconstruct.code.tex
File: pgfcorepathconstruct.code.tex 2023-01-15 v3.1.10 (3.1.10)
\pgf@path@lastx=\dimen285
\pgf@path@lasty=\dimen286
)
(C:\Users\Samuele\AppData\Local\Programs\MiKTeX\tex/generic/pgf/basiclayer\pgfc
orepathusage.code.tex
File: pgfcorepathusage.code.tex 2023-01-15 v3.1.10 (3.1.10)
\pgf@shorten@end@additional=\dimen287
\pgf@shorten@start@additional=\dimen288
)
(C:\Users\Samuele\AppData\Local\Programs\MiKTeX\tex/generic/pgf/basiclayer\pgfc
orescopes.code.tex
File: pgfcorescopes.code.tex 2023-01-15 v3.1.10 (3.1.10)
\pgfpic=\box69
\pgf@hbox=\box70
\pgf@layerbox@main=\box71
\pgf@picture@serial@count=\count350
)
(C:\Users\Samuele\AppData\Local\Programs\MiKTeX\tex/generic/pgf/basiclayer\pgfc
oregraphicstate.code.tex
File: pgfcoregraphicstate.code.tex 2023-01-15 v3.1.10 (3.1.10)
\pgflinewidth=\dimen289
)
(C:\Users\Samuele\AppData\Local\Programs\MiKTeX\tex/generic/pgf/basiclayer\pgfc
oretransformations.code.tex
File: pgfcoretransformations.code.tex 2023-01-15 v3.1.10 (3.1.10)
\pgf@pt@x=\dimen290
\pgf@pt@y=\dimen291
\pgf@pt@temp=\dimen292
)
(C:\Users\Samuele\AppData\Local\Programs\MiKTeX\tex/generic/pgf/basiclayer\pgfc
orequick.code.tex
File: pgfcorequick.code.tex 2023-01-15 v3.1.10 (3.1.10)
)
(C:\Users\Samuele\AppData\Local\Programs\MiKTeX\tex/generic/pgf/basiclayer\pgfc
oreobjects.code.tex
File: pgfcoreobjects.code.tex 2023-01-15 v3.1.10 (3.1.10)
)
(C:\Users\Samuele\AppData\Local\Programs\MiKTeX\tex/generic/pgf/basiclayer\pgfc
orepathprocessing.code.tex
File: pgfcorepathprocessing.code.tex 2023-01-15 v3.1.10 (3.1.10)
)
(C:\Users\Samuele\AppData\Local\Programs\MiKTeX\tex/generic/pgf/basiclayer\pgfc
orearrows.code.tex
File: pgfcorearrows.code.tex 2023-01-15 v3.1.10 (3.1.10)
\pgfarrowsep=\dimen293
)
(C:\Users\Samuele\AppData\Local\Programs\MiKTeX\tex/generic/pgf/basiclayer\pgfc
oreshade.code.tex
File: pgfcoreshade.code.tex 2023-01-15 v3.1.10 (3.1.10)
\pgf@max=\dimen294
\pgf@sys@shading@range@num=\count351
\pgf@shadingcount=\count352
)
(C:\Users\Samuele\AppData\Local\Programs\MiKTeX\tex/generic/pgf/basiclayer\pgfc
oreimage.code.tex
File: pgfcoreimage.code.tex 2023-01-15 v3.1.10 (3.1.10)
)
(C:\Users\Samuele\AppData\Local\Programs\MiKTeX\tex/generic/pgf/basiclayer\pgfc
oreexternal.code.tex
File: pgfcoreexternal.code.tex 2023-01-15 v3.1.10 (3.1.10)
\pgfexternal@startupbox=\box72
)
(C:\Users\Samuele\AppData\Local\Programs\MiKTeX\tex/generic/pgf/basiclayer\pgfc
orelayers.code.tex
File: pgfcorelayers.code.tex 2023-01-15 v3.1.10 (3.1.10)
)
(C:\Users\Samuele\AppData\Local\Programs\MiKTeX\tex/generic/pgf/basiclayer\pgfc
oretransparency.code.tex
File: pgfcoretransparency.code.tex 2023-01-15 v3.1.10 (3.1.10)
)
(C:\Users\Samuele\AppData\Local\Programs\MiKTeX\tex/generic/pgf/basiclayer\pgfc
orepatterns.code.tex
File: pgfcorepatterns.code.tex 2023-01-15 v3.1.10 (3.1.10)
)
(C:\Users\Samuele\AppData\Local\Programs\MiKTeX\tex/generic/pgf/basiclayer\pgfc
orerdf.code.tex
File: pgfcorerdf.code.tex 2023-01-15 v3.1.10 (3.1.10)
)))
(C:\Users\Samuele\AppData\Local\Programs\MiKTeX\tex/generic/pgf/modules\pgfmodu
leshapes.code.tex
File: pgfmoduleshapes.code.tex 2023-01-15 v3.1.10 (3.1.10)
\pgfnodeparttextbox=\box73
)
(C:\Users\Samuele\AppData\Local\Programs\MiKTeX\tex/generic/pgf/modules\pgfmodu
leplot.code.tex
File: pgfmoduleplot.code.tex 2023-01-15 v3.1.10 (3.1.10)
)
(C:\Users\Samuele\AppData\Local\Programs\MiKTeX\tex/latex/pgf/compatibility\pgf
comp-version-0-65.sty
Package: pgfcomp-version-0-65 2023-01-15 v3.1.10 (3.1.10)
\pgf@nodesepstart=\dimen295
\pgf@nodesepend=\dimen296
)
(C:\Users\Samuele\AppData\Local\Programs\MiKTeX\tex/latex/pgf/compatibility\pgf
comp-version-1-18.sty
Package: pgfcomp-version-1-18 2023-01-15 v3.1.10 (3.1.10)
))
(C:\Users\Samuele\AppData\Local\Programs\MiKTeX\tex/latex/pgf/utilities\pgffor.
sty
(C:\Users\Samuele\AppData\Local\Programs\MiKTeX\tex/latex/pgf/utilities\pgfkeys
.sty
(C:\Users\Samuele\AppData\Local\Programs\MiKTeX\tex/generic/pgf/utilities\pgfke
ys.code.tex))
(C:\Users\Samuele\AppData\Local\Programs\MiKTeX\tex/latex/pgf/math\pgfmath.sty
(C:\Users\Samuele\AppData\Local\Programs\MiKTeX\tex/generic/pgf/math\pgfmath.co
de.tex))
(C:\Users\Samuele\AppData\Local\Programs\MiKTeX\tex/generic/pgf/utilities\pgffo
r.code.tex
Package: pgffor 2023-01-15 v3.1.10 (3.1.10)
\pgffor@iter=\dimen297
\pgffor@skip=\dimen298
\pgffor@stack=\toks40
\pgffor@toks=\toks41
))
(C:\Users\Samuele\AppData\Local\Programs\MiKTeX\tex/generic/pgf/frontendlayer/t
ikz\tikz.code.tex
Package: tikz 2023-01-15 v3.1.10 (3.1.10)

(C:\Users\Samuele\AppData\Local\Programs\MiKTeX\tex/generic/pgf/libraries\pgfli
braryplothandlers.code.tex
File: pgflibraryplothandlers.code.tex 2023-01-15 v3.1.10 (3.1.10)
\pgf@plot@mark@count=\count353
\pgfplotmarksize=\dimen299
)
\tikz@lastx=\dimen300
\tikz@lasty=\dimen301
\tikz@lastxsaved=\dimen302
\tikz@lastysaved=\dimen303
\tikz@lastmovetox=\dimen304
\tikz@lastmovetoy=\dimen305
\tikzleveldistance=\dimen306
\tikzsiblingdistance=\dimen307
\tikz@figbox=\box74
\tikz@figbox@bg=\box75
\tikz@tempbox=\box76
\tikz@tempbox@bg=\box77
\tikztreelevel=\count354
\tikznumberofchildren=\count355
\tikznumberofcurrentchild=\count356
\tikz@fig@count=\count357

(C:\Users\Samuele\AppData\Local\Programs\MiKTeX\tex/generic/pgf/modules\pgfmodu
lematrix.code.tex
File: pgfmodulematrix.code.tex 2023-01-15 v3.1.10 (3.1.10)
\pgfmatrixcurrentrow=\count358
\pgfmatrixcurrentcolumn=\count359
\pgf@matrix@numberofcolumns=\count360
)
\tikz@expandcount=\count361

(C:\Users\Samuele\AppData\Local\Programs\MiKTeX\tex/generic/pgf/frontendlayer/t
ikz/libraries\tikzlibrarytopaths.code.tex
File: tikzlibrarytopaths.code.tex 2023-01-15 v3.1.10 (3.1.10)
)))
(C:\Users\Samuele\AppData\Local\Programs\MiKTeX\tex/latex/xfrac\xfrac.sty
Package: xfrac 2024-06-04 Split-level fractions
\l__xfrac_slash_box=\box78
\l__xfrac_tmp_box=\box79
\l__xfrac_denominator_bot_sep_dim=\dimen308
\l__xfrac_numerator_bot_sep_dim=\dimen309
\l__xfrac_numerator_top_sep_dim=\dimen310
\l__xfrac_slash_left_sep_dim=\dimen311
\l__xfrac_slash_right_sep_dim=\dimen312
\l__xfrac_slash_left_muskip=\muskip19
\l__xfrac_slash_right_muskip=\muskip20

LaTeX template Info: Declaring template type 'xfrac' taking 3 argument(s) on
(template)           line 100.


LaTeX template Info: Declaring instance 'cmr' of type xfrac on line 392.


LaTeX template Info: Declaring instance 'cmss' of type xfrac on line 392.


LaTeX template Info: Declaring instance 'cmtt' of type xfrac on line 392.

)
(C:\Users\Samuele\AppData\Local\Programs\MiKTeX\tex/latex/units\nicefrac.sty
Package: nicefrac 1998/08/04 v0.9b Nice fractions
\L@UnitsRaiseDisplaystyle=\skip59
\L@UnitsRaiseTextstyle=\skip60
\L@UnitsRaiseScriptstyle=\skip61

(C:\Users\Samuele\AppData\Local\Programs\MiKTeX\tex/latex/base\ifthen.sty
Package: ifthen 2024/03/16 v1.1e Standard LaTeX ifthen package (DPC)
))
(C:\Users\Samuele\AppData\Local\Programs\MiKTeX\tex/generic/pgf/libraries\pgfli
braryarrows.meta.code.tex
File: pgflibraryarrows.meta.code.tex 2023-01-15 v3.1.10 (3.1.10)
\pgfarrowinset=\dimen313
\pgfarrowlength=\dimen314
\pgfarrowwidth=\dimen315
\pgfarrowlinewidth=\dimen316
)
Package: chemformula 2022/01/23 v4.17 typeset chemical compounds and reactions 
(CN)
\l__chemformula_tmpa_dim=\dimen317
\l__chemformula_tmpb_dim=\dimen318
\l__chemformula_tmpc_dim=\dimen319
\l__chemformula_tmpa_int=\count362
\l__chemformula_tmpb_int=\count363
\l__chemformula_tmpc_int=\count364
\l__chemformula_tmpa_box=\box80
\l__chemformula_tmpb_box=\box81
\l__chemformula_arrow_length_dim=\dimen320
\l__chemformula_arrow_label_height_dim=\dimen321
\l__chemformula_arrow_label_offset_dim=\dimen322
\l__chemformula_arrow_minimum_length_dim=\dimen323
\l__chemformula_arrow_shortage_dim=\dimen324
\l__chemformula_arrow_offset_dim=\dimen325
\l__chemformula_arrow_yshift_dim=\dimen326
\l__chemformula_radical_radius_dim=\dimen327
\l__chemformula_radical_hshift_dim=\dimen328
\l__chemformula_radical_vshift_dim=\dimen329
\l__chemformula_radical_space_dim=\dimen330
\l__chemformula_arrow_head_dim=\dimen331
\l__chemformula_name_dim=\dimen332
\l__chemformula_adduct_space_dim=\dimen333
\l__chemformula_charge_shift_dim=\dimen334
\l__chemformula_subscript_shift_dim=\dimen335
\l__chemformula_superscript_shift_dim=\dimen336
\l__chemformula_subscript_dim=\dimen337
\l__chemformula_superscript_dim=\dimen338
\l__chemformula_bond_dim=\dimen339
\l__chemformula_bond_space_dim=\dimen340
\l__chemformula_elspec_pair_distance_dim=\dimen341
\l__chemformula_elspec_pair_line_length_dim=\dimen342
\l__chemformula_elspec_pair_width_dim=\dimen343
\l__chemformula_kroegervink_positive_radius_dim=\dimen344
\l__chemformula_kroegervink_positive_hshift_dim=\dimen345
\l__chemformula_kroegervink_positive_vshift_dim=\dimen346
\l__chemformula_kroegervink_positive_space_dim=\dimen347
\l__chemformula_stoich_space_skip=\skip62
\l__chemformula_math_space_skip=\skip63
\l__chemformula_additions_symbol_space_skip=\skip64
\l__chemformula_count_tokens_int=\count365
\g__chemformula_lewis_int=\count366
\l__chemformula_arrow_arg_i_box=\box82
\l__chemformula_arrow_arg_ii_box=\box83
\l__chemformula_superscript_box=\box84
\l__chemformula_subscript_box=\box85
\l__chemformula_plus_space_skip=\skip65
\l__chemformula_minus_space_skip=\skip66
)
(C:\Users\Samuele\AppData\Local\Programs\MiKTeX\tex/latex/nicematrix\nicematrix
.sty
Package: nicematrix 2025/04/28 v7.1c Enhanced arrays with the help of PGF/TikZ
\l__nicematrix_tmpc_dim=\dimen348
\l__nicematrix_tmpd_dim=\dimen349
\l__nicematrix_tmpe_dim=\dimen350
\l__nicematrix_tmpf_dim=\dimen351
\l__nicematrix_tmpc_int=\count367
\g__nicematrix_env_int=\count368
\g__nicematrix_NiceMatrixBlock_int=\count369
\g__nicematrix_notes_caption_int=\count370
\l__nicematrix_columns_width_dim=\dimen352
\l__nicematrix_col_width_dim=\dimen353
\g__nicematrix_row_total_int=\count371
\g__nicematrix_col_total_int=\count372
\g__nicematrix_last_row_node_int=\count373
\l__nicematrix_key_nb_rows_int=\count374
\g__nicematrix_blocks_wd_dim=\dimen354
\g__nicematrix_blocks_ht_dim=\dimen355
\g__nicematrix_blocks_dp_dim=\dimen356
\l__nicematrix_width_dim=\dimen357
\l__nicematrix_tabular_width_dim=\dimen358
\l__nicematrix_rule_width_dim=\dimen359
\l__nicematrix_old_iRow_int=\count375
\l__nicematrix_old_jCol_int=\count376
\l__nicematrix_X_columns_dim=\dimen360
\l__nicematrix_x_initial_dim=\dimen361
\l__nicematrix_y_initial_dim=\dimen362
\l__nicematrix_x_final_dim=\dimen363
\l__nicematrix_y_final_dim=\dimen364
\g__nicematrix_dp_row_zero_dim=\dimen365
\g__nicematrix_ht_row_zero_dim=\dimen366
\g__nicematrix_ht_row_one_dim=\dimen367
\g__nicematrix_dp_ante_last_row_dim=\dimen368
\g__nicematrix_ht_last_row_dim=\dimen369
\g__nicematrix_dp_last_row_dim=\dimen370
\g__nicematrix_width_last_col_dim=\dimen371
\g__nicematrix_width_first_col_dim=\dimen372
\g__nicematrix_ddots_int=\count377
\g__nicematrix_iddots_int=\count378
\g__nicematrix_delta_x_one_dim=\dimen373
\g__nicematrix_delta_y_one_dim=\dimen374
\g__nicematrix_delta_x_two_dim=\dimen375
\g__nicematrix_delta_y_two_dim=\dimen376
\l__nicematrix_row_min_int=\count379
\l__nicematrix_row_max_int=\count380
\l__nicematrix_col_min_int=\count381
\l__nicematrix_col_max_int=\count382
\l__nicematrix_initial_i_int=\count383
\l__nicematrix_initial_j_int=\count384
\l__nicematrix_final_i_int=\count385
\l__nicematrix_final_j_int=\count386
\l__nicematrix_start_int=\count387
\l__nicematrix_end_int=\count388
\l__nicematrix_local_start_int=\count389
\l__nicematrix_local_end_int=\count390
\g__nicematrix_static_num_of_col_int=\count391
\l__nicematrix_rounded_corners_dim=\dimen377
\l__nicematrix_tab_rounded_corners_dim=\dimen378
\l__nicematrix_offset_dim=\dimen379
\l__nicematrix_line_width_dim=\dimen380
\g__nicematrix_block_box_int=\count392
\l__nicematrix_submatrix_extra_height_dim=\dimen381
\l__nicematrix_submatrix_left_xshift_dim=\dimen382
\l__nicematrix_submatrix_right_xshift_dim=\dimen383
\l__nicematrix_first_row_int=\count393
\l__nicematrix_first_col_int=\count394
\l__nicematrix_last_row_int=\count395
\l__nicematrix_last_col_int=\count396
\c@tabularnote=\count397
\g__nicematrix_tabularnote_int=\count398
\c@nicematrix_draft=\count399
\l__nicematrix_cell_space_top_limit_dim=\dimen384
\l__nicematrix_cell_space_bottom_limit_dim=\dimen385
\l__nicematrix_xdots_inter_dim=\dimen386
\l__nicematrix_xdots_shorten_start_dim=\dimen387
\l__nicematrix_xdots_shorten_end_dim=\dimen388
\l__nicematrix_xdots_radius_dim=\dimen389
\l__nicematrix_left_margin_dim=\dimen390
\l__nicematrix_right_margin_dim=\dimen391
\l__nicematrix_extra_left_margin_dim=\dimen392
\l__nicematrix_extra_right_margin_dim=\dimen393
\c__nicematrix_max_l_dim=\dimen394
\l__nicematrix_position_int=\count400
\l__nicematrix_multiplicity_int=\count401
\l__nicematrix_brace_yshift_dim=\dimen395
)
(C:\Users\Samuele\AppData\Local\Programs\MiKTeX\tex/latex/graphics\rotating.sty
Package: rotating 2025/01/14 v2.16e rotated objects in LaTeX
\c@r@tfl@t=\count402
\rotFPtop=\skip67
\rotFPbot=\skip68
\rot@float@box=\box86
\rot@mess@toks=\toks42
)
LaTeX Font Info:    Trying to load font information for T1+lmr on input line 31
.
 (C:\Users\Samuele\AppData\Local\Programs\MiKTeX\tex/latex/lm\t1lmr.fd
File: t1lmr.fd 2015/05/01 v1.6.1 Font defs for Latin Modern
)
(Electrons drift.aux)
\openout1 = `"Electrons drift.aux"'.

LaTeX Font Info:    Checking defaults for OML/cmm/m/it on input line 31.
LaTeX Font Info:    ... okay on input line 31.
LaTeX Font Info:    Checking defaults for OMS/cmsy/m/n on input line 31.
LaTeX Font Info:    ... okay on input line 31.
LaTeX Font Info:    Checking defaults for OT1/cmr/m/n on input line 31.
LaTeX Font Info:    ... okay on input line 31.
LaTeX Font Info:    Checking defaults for T1/cmr/m/n on input line 31.
LaTeX Font Info:    ... okay on input line 31.
LaTeX Font Info:    Checking defaults for TS1/cmr/m/n on input line 31.
LaTeX Font Info:    ... okay on input line 31.
LaTeX Font Info:    Checking defaults for OMX/cmex/m/n on input line 31.
LaTeX Font Info:    ... okay on input line 31.
LaTeX Font Info:    Checking defaults for U/cmr/m/n on input line 31.
LaTeX Font Info:    ... okay on input line 31.
LaTeX Font Info:    Checking defaults for PD1/pdf/m/n on input line 31.
LaTeX Font Info:    ... okay on input line 31.
LaTeX Font Info:    Checking defaults for PU/pdf/m/n on input line 31.
LaTeX Font Info:    ... okay on input line 31.

*geometry* driver: auto-detecting
*geometry* detected driver: pdftex
*geometry* verbose mode - [ preamble ] result:
* driver: pdftex
* paper: a4paper
* layout: <same size as paper>
* layoutoffset:(h,v)=(0.0pt,0.0pt)
* bindingoffset: 28.45274pt
* modes: twoside heightrounded 
* h-part:(L,W,R)=(85.35826pt, 398.33861pt, 85.35826pt)
* v-part:(T,H,B)=(85.35826pt, 674.33032pt, 85.35826pt)
* \paperwidth=597.50787pt
* \paperheight=845.04684pt
* \textwidth=398.33861pt
* \textheight=670.0pt
* \oddsidemargin=41.54102pt
* \evensidemargin=13.08827pt
* \topmargin=-16.97922pt
* \headheight=12.0pt
* \headsep=18.06749pt
* \topskip=10.0pt
* \footskip=25.29494pt
* \marginparwidth=115.0pt
* \marginparsep=7.0pt
* \columnsep=10.0pt
* \skip\footins=9.0pt plus 4.0pt minus 2.0pt
* \hoffset=0.0pt
* \voffset=0.0pt
* \mag=1000
* \@twocolumnfalse
* \@twosidetrue
* \@mparswitchtrue
* \@reversemarginfalse
* (1in=72.27pt=25.4mm, 1cm=28.453pt)

LaTeX Info: Redefining \it@ocap on input line 31.
LaTeX Info: Redefining \it@ccap on input line 31.

(C:\Users\Samuele\AppData\Local\Programs\MiKTeX\tex/context/base/mkii\supp-pdf.
mkii
[Loading MPS to PDF converter (version 2006.09.02).]
\scratchcounter=\count403
\scratchdimen=\dimen396
\scratchbox=\box87
\nofMPsegments=\count404
\nofMParguments=\count405
\everyMPshowfont=\toks43
\MPscratchCnt=\count406
\MPscratchDim=\dimen397
\MPnumerator=\count407
\makeMPintoPDFobject=\count408
\everyMPtoPDFconversion=\toks44
)
(C:\Users\Samuele\AppData\Local\Programs\MiKTeX\tex/latex/epstopdf-pkg\epstopdf
-base.sty
Package: epstopdf-base 2020-01-24 v2.11 Base part for package epstopdf
Package epstopdf-base Info: Redefining graphics rule for `.eps' on input line 4
85.

(C:\Users\Samuele\AppData\Local\Programs\MiKTeX\tex/latex/00miktex\epstopdf-sys
.cfg
File: epstopdf-sys.cfg 2021/03/18 v2.0 Configuration of epstopdf for MiKTeX
))
(C:\Users\Samuele\AppData\Local\Programs\MiKTeX\tex/latex/translations/dicts\tr
anslations-basic-dictionary-english.trsl
File: translations-basic-dictionary-english.trsl (english translation file `tra
nslations-basic-dictionary')
)
Package translations Info: loading dictionary `translations-basic-dictionary' f
or `english'. on input line 31.
Package translations Info: no dictionary file `translations-basic-dictionary-it
alian.trsl' found. on input line 31.
Package caption Info: Begin \AtBeginDocument code.
Package caption Info: hyperref package is loaded.
Package caption Info: rotating package is loaded.
Package caption Info: End \AtBeginDocument code.
Package hyperref Info: Link coloring OFF on input line 31.
 (Electrons drift.out)
(Electrons drift.out)
\@outlinefile=\write4
\openout4 = `"Electrons drift.out"'.

\c__nicematrix_shift_Ldots_last_row_dim=\dimen398
\c__nicematrix_shift_exterior_Vdots_dim=\dimen399
\c__nicematrix_innersep_middle_dim=\dimen400
<university.jpg, id=54, 1284.8pt x 1269.74374pt>
File: university.jpg Graphic file (type jpg)
<use university.jpg>
Package pdftex.def Info: university.jpg  used on input line 34.
(pdftex.def)             Requested size: 119.50279pt x 118.08882pt.
LaTeX Font Info:    Trying to load font information for OT1+lmr on input line 4
6.

(C:\Users\Samuele\AppData\Local\Programs\MiKTeX\tex/latex/lm\ot1lmr.fd
File: ot1lmr.fd 2015/05/01 v1.6.1 Font defs for Latin Modern
)
LaTeX Font Info:    Trying to load font information for OML+lmm on input line 4
6.

(C:\Users\Samuele\AppData\Local\Programs\MiKTeX\tex/latex/lm\omllmm.fd
File: omllmm.fd 2015/05/01 v1.6.1 Font defs for Latin Modern
)
LaTeX Font Info:    Trying to load font information for OMS+lmsy on input line 
46.

(C:\Users\Samuele\AppData\Local\Programs\MiKTeX\tex/latex/lm\omslmsy.fd
File: omslmsy.fd 2015/05/01 v1.6.1 Font defs for Latin Modern
)
LaTeX Font Info:    Trying to load font information for OMX+lmex on input line 
46.

(C:\Users\Samuele\AppData\Local\Programs\MiKTeX\tex/latex/lm\omxlmex.fd
File: omxlmex.fd 2015/05/01 v1.6.1 Font defs for Latin Modern
)
LaTeX Font Info:    External font `lmex10' loaded for size
(Font)              <10> on input line 46.
LaTeX Font Info:    External font `lmex10' loaded for size
(Font)              <7> on input line 46.
LaTeX Font Info:    External font `lmex10' loaded for size
(Font)              <5> on input line 46.
LaTeX Font Info:    Trying to load font information for U+msa on input line 46.


(C:\Users\Samuele\AppData\Local\Programs\MiKTeX\tex/latex/amsfonts\umsa.fd
File: umsa.fd 2013/01/14 v3.01 AMS symbols A
)
LaTeX Font Info:    Trying to load font information for U+msb on input line 46.


(C:\Users\Samuele\AppData\Local\Programs\MiKTeX\tex/latex/amsfonts\umsb.fd
File: umsb.fd 2013/01/14 v3.01 AMS symbols B
)

[1


{C:/Users/Samuele/AppData/Local/MiKTeX/fonts/map/pdftex/pdftex.map}{C:/Users/Sa
muele/AppData/Local/Programs/MiKTeX/fonts/enc/dvips/lm/lm-ec.enc} <./university
.jpg>]

[2]
<GEM.png, id=66, 1156.32pt x 770.88pt>
File: GEM.png Graphic file (type png)
<use GEM.png>
Package pdftex.def Info: GEM.png  used on input line 67.
(pdftex.def)             Requested size: 159.32532pt x 119.49692pt.
<GEM8.png, id=69, 204.765pt x 181.6386pt>
File: GEM8.png Graphic file (type png)
<use GEM8.png>
Package pdftex.def Info: GEM8.png  used on input line 80.
(pdftex.def)             Requested size: 119.50279pt x 106.00731pt.


[1{C:/Users/Samuele/AppData/Local/Programs/MiKTeX/fonts/enc/dvips/lm/lm-rm.enc}
{C:/Users/Samuele/AppData/Local/Programs/MiKTeX/fonts/enc/dvips/lm/lm-mathit.en
c} <./GEM.png> <./GEM8.png>]

[2] (Electrons drift.toc)
\tf@toc=\write5
\openout5 = `"Electrons drift.toc"'.




pdfTeX warning (ext4): destination with the same identifier (name{page.I}) has 
been already used, duplicate ignored
<to be read again> 
                   \relax 
l.93 \newpage
              [1

]


pdfTeX warning (ext4): destination with the same identifier (name{page.II}) has
 been already used, duplicate ignored
<to be read again> 
                   \relax 
l.96 \newpage
              [2]
Chapter 1.
LaTeX Font Info:    Trying to load font information for TS1+lmr on input line 1
03.
(C:\Users\Samuele\AppData\Local\Programs\MiKTeX\tex/latex/lm\ts1lmr.fd
File: ts1lmr.fd 2015/05/01 v1.6.1 Font defs for Latin Modern
)
<Rotativa.png, id=107, 289.08pt x 192.72pt>
File: Rotativa.png Graphic file (type png)
<use Rotativa.png>
Package pdftex.def Info: Rotativa.png  used on input line 125.
(pdftex.def)             Requested size: 119.50279pt x 79.66853pt.



pdfTeX warning (ext4): destination with the same identifier (name{page.1}) has 
been already used, duplicate ignored
<to be read again> 
                   \relax 
l.130 \begin{enumerate}
                        [1

{C:/Users/Samuele/AppData/Local/Programs/MiKTeX/fonts/enc/dvips/lm/lm-ts1.enc} 
<./Rotativa.png>]
File: GEM.png Graphic file (type png)
<use GEM.png>
Package pdftex.def Info: GEM.png  used on input line 141.
(pdftex.def)             Requested size: 199.16547pt x 159.32532pt.
<GEM4.png, id=117, 216.81pt x 210.7875pt>
File: GEM4.png Graphic file (type png)
<use GEM4.png>
Package pdftex.def Info: GEM4.png  used on input line 150.
(pdftex.def)             Requested size: 159.34184pt x 119.50363pt.



pdfTeX warning (ext4): destination with the same identifier (name{page.2}) has 
been already used, duplicate ignored
<to be read again> 
                   \relax 
l.158 
       [2 <./GEM4.png>]
<Griglia.jpg, id=127, 4015.0pt x 3011.25pt>
File: Griglia.jpg Graphic file (type jpg)
<use Griglia.jpg>
Package pdftex.def Info: Griglia.jpg  used on input line 161.
(pdftex.def)             Requested size: 159.2861pt x 119.46457pt.
<GEM6.png, id=128, 327.47343pt x 251.43938pt>
File: GEM6.png Graphic file (type png)
<use GEM6.png>
Package pdftex.def Info: GEM6.png  used on input line 169.
(pdftex.def)             Requested size: 159.3341pt x 119.50015pt.
<kapton.png, id=129, 831.85782pt x 328.22626pt>
File: kapton.png Graphic file (type png)
<use kapton.png>
Package pdftex.def Info: kapton.png  used on input line 178.
(pdftex.def)             Requested size: 159.32393pt x 79.66739pt.


[3 <./Griglia.jpg> <./GEM6.png> <./kapton.png (PNG copy)>]
Underfull \hbox (badness 10000) in paragraph at lines 185--186

 []

<Schema PMT.png, id=141, 501.875pt x 200.75pt>
File: Schema PMT.png Graphic file (type png)
<use Schema PMT.png>
Package pdftex.def Info: Schema PMT.png  used on input line 196.
(pdftex.def)             Requested size: 199.16888pt x 119.5044pt.
<PMT1.jpg, id=142, 4015.0pt x 3011.25pt>
File: PMT1.jpg Graphic file (type jpg)
<use PMT1.jpg>
Package pdftex.def Info: PMT1.jpg  used on input line 206.
(pdftex.def)             Requested size: 159.2861pt x 119.46457pt.

Underfull \vbox (badness 10000) has occurred while \output is active []



[4 <./Schema PMT.png>]

[5 <./PMT1.jpg>]
Chapter 2.
<Setup.jpg, id=154, 4015.0pt x 3011.25pt>
File: Setup.jpg Graphic file (type jpg)
<use Setup.jpg>
Package pdftex.def Info: Setup.jpg  used on input line 220.
(pdftex.def)             Requested size: 199.1689pt x 159.30142pt.
<Bad_rumore4.png, id=156, 462.528pt x 346.896pt>
File: Bad_rumore4.png Graphic file (type png)
<use Bad_rumore4.png>
Package pdftex.def Info: Bad_rumore4.png  used on input line 235.
(pdftex.def)             Requested size: 159.33237pt x 119.49927pt.

Underfull \vbox (badness 1642) has occurred while \output is active []



[6

{C:/Users/Samuele/AppData/Local/Programs/MiKTeX/fonts/enc/dvips/lm/lm-mathsy.en
c} <./Setup.jpg>]

Package hyperref Warning: Difference (2) between bookmark levels is greater 
(hyperref)                than one, level fixed on input line 240.

<Buona.png, id=164, 462.528pt x 346.896pt>
File: Buona.png Graphic file (type png)
<use Buona.png>
Package pdftex.def Info: Buona.png  used on input line 244.
(pdftex.def)             Requested size: 159.33237pt x 119.49927pt.
<Buona2.png, id=165, 462.528pt x 346.896pt>
File: Buona2.png Graphic file (type png)
<use Buona2.png>
Package pdftex.def Info: Buona2.png  used on input line 245.
(pdftex.def)             Requested size: 159.33237pt x 119.49927pt.
<Buona3.png, id=166, 462.528pt x 346.896pt>
File: Buona3.png Graphic file (type png)
<use Buona3.png>
Package pdftex.def Info: Buona3.png  used on input line 246.
(pdftex.def)             Requested size: 159.33237pt x 119.49927pt.
<Buona4.png, id=167, 462.528pt x 346.896pt>
File: Buona4.png Graphic file (type png)
<use Buona4.png>
Package pdftex.def Info: Buona4.png  used on input line 247.
(pdftex.def)             Requested size: 159.33237pt x 119.49927pt.
<Buona5.png, id=168, 462.528pt x 346.896pt>
File: Buona5.png Graphic file (type png)
<use Buona5.png>
Package pdftex.def Info: Buona5.png  used on input line 248.
(pdftex.def)             Requested size: 159.33237pt x 119.49927pt.
<Buona6.png, id=169, 462.528pt x 346.896pt>
File: Buona6.png Graphic file (type png)
<use Buona6.png>
Package pdftex.def Info: Buona6.png  used on input line 249.
(pdftex.def)             Requested size: 159.33237pt x 119.49927pt.
<All.png, id=170, 462.528pt x 346.896pt>
File: All.png Graphic file (type png)
<use All.png>
Package pdftex.def Info: All.png  used on input line 256.
(pdftex.def)             Requested size: 159.33237pt x 119.49927pt.
<Bad_rumore2.png, id=171, 462.528pt x 346.896pt>
File: Bad_rumore2.png Graphic file (type png)
<use Bad_rumore2.png>
Package pdftex.def Info: Bad_rumore2.png  used on input line 257.
(pdftex.def)             Requested size: 159.33237pt x 119.49927pt.

Underfull \vbox (badness 6364) has occurred while \output is active []



[7 <./Bad_rumore4.png> <./Buona.png> <./Buona2.png> <./Buona3.png> <./Buona4.pn
g> <./Buona5.png> <./Buona6.png>]
<Bad.png, id=185, 462.528pt x 346.896pt>
File: Bad.png Graphic file (type png)
<use Bad.png>
Package pdftex.def Info: Bad.png  used on input line 265.
(pdftex.def)             Requested size: 159.33237pt x 119.49927pt.
<Bad2.png, id=186, 462.528pt x 346.896pt>
File: Bad2.png Graphic file (type png)
<use Bad2.png>
Package pdftex.def Info: Bad2.png  used on input line 266.
(pdftex.def)             Requested size: 159.33237pt x 119.49927pt.
<Bad3.png, id=187, 462.528pt x 346.896pt>
File: Bad3.png Graphic file (type png)
<use Bad3.png>
Package pdftex.def Info: Bad3.png  used on input line 267.
(pdftex.def)             Requested size: 159.33237pt x 119.49927pt.
<Bad4.png, id=188, 462.528pt x 346.896pt>
File: Bad4.png Graphic file (type png)
<use Bad4.png>
Package pdftex.def Info: Bad4.png  used on input line 268.
(pdftex.def)             Requested size: 159.33237pt x 119.49927pt.
<Bad_rumore.png, id=189, 462.528pt x 346.896pt>
File: Bad_rumore.png Graphic file (type png)
<use Bad_rumore.png>
Package pdftex.def Info: Bad_rumore.png  used on input line 275.
(pdftex.def)             Requested size: 159.33237pt x 119.49927pt.
<Bad_rumore3.png, id=190, 462.528pt x 346.896pt>
File: Bad_rumore3.png Graphic file (type png)
<use Bad_rumore3.png>
Package pdftex.def Info: Bad_rumore3.png  used on input line 276.
(pdftex.def)             Requested size: 159.33237pt x 119.49927pt.
<Doppio_bad2.png, id=191, 462.528pt x 346.896pt>
File: Doppio_bad2.png Graphic file (type png)
<use Doppio_bad2.png>
Package pdftex.def Info: Doppio_bad2.png  used on input line 277.
(pdftex.def)             Requested size: 159.33237pt x 119.49927pt.

Underfull \vbox (badness 10000) has occurred while \output is active []



[8 <./All.png> <./Bad_rumore2.png> <./Bad.png> <./Bad2.png> <./Bad3.png> <./Bad
4.png>]
<Histo_drift1.png, id=205, 462.528pt x 346.896pt>
File: Histo_drift1.png Graphic file (type png)
<use Histo_drift1.png>
Package pdftex.def Info: Histo_drift1.png  used on input line 306.
(pdftex.def)             Requested size: 159.33237pt x 119.49927pt.
<Histo_drift10.png, id=206, 462.528pt x 346.896pt>
File: Histo_drift10.png Graphic file (type png)
<use Histo_drift10.png>
Package pdftex.def Info: Histo_drift10.png  used on input line 307.
(pdftex.def)             Requested size: 159.33237pt x 119.49927pt.

Underfull \vbox (badness 10000) has occurred while \output is active []



[9 <./Bad_rumore.png> <./Bad_rumore3.png> <./Doppio_bad2.png>]
<Histo_drift.png, id=216, 462.528pt x 346.896pt>
File: Histo_drift.png Graphic file (type png)
<use Histo_drift.png>
Package pdftex.def Info: Histo_drift.png  used on input line 313.
(pdftex.def)             Requested size: 199.17252pt x 159.3306pt.
<Histo_top1.png, id=218, 462.528pt x 346.896pt>
File: Histo_top1.png Graphic file (type png)
<use Histo_top1.png>
Package pdftex.def Info: Histo_top1.png  used on input line 338.
(pdftex.def)             Requested size: 159.33237pt x 119.49927pt.
<Histo_top6.png, id=219, 462.528pt x 346.896pt>
File: Histo_top6.png Graphic file (type png)
<use Histo_top6.png>
Package pdftex.def Info: Histo_top6.png  used on input line 339.
(pdftex.def)             Requested size: 159.33237pt x 119.49927pt.

Underfull \vbox (badness 10000) has occurred while \output is active []



[10 <./Histo_drift1.png> <./Histo_drift10.png> <./Histo_drift.png>]
<Histo_top.png, id=230, 462.528pt x 346.896pt>
File: Histo_top.png Graphic file (type png)
<use Histo_top.png>
Package pdftex.def Info: Histo_top.png  used on input line 345.
(pdftex.def)             Requested size: 199.17252pt x 159.3306pt.


[11 <./Histo_top1.png> <./Histo_top6.png> <./Histo_top.png>]
(Electrons drift.aux)
 ***********
LaTeX2e <2025-06-01> patch level 1
L3 programming layer <2025-05-26>
 ***********
Package rerunfilecheck Info: File `"Electrons drift".out' has not changed.
(rerunfilecheck)             Checksum: CE609D1963B106A8D5CCCE24B41018CB;1525.
 ) 
Here is how much of TeX's memory you used:
 31893 strings out of 468219
 692095 string characters out of 5431901
 1035791 words of memory out of 5000000
 59890 multiletter control sequences out of 15000+600000
 687596 words of font info for 74 fonts, out of 8000000 for 9000
 1141 hyphenation exceptions out of 8191
 99i,9n,105p,726b,1095s stack positions out of 10000i,1000n,20000p,200000b,200000s
<C:/Users/Samuele/AppData/Local/Programs/MiKTeX/fonts/type1/public/lm/lmbx10.
pfb><C:/Users/Samuele/AppData/Local/Programs/MiKTeX/fonts/type1/public/lm/lmbx1
2.pfb><C:/Users/Samuele/AppData/Local/Programs/MiKTeX/fonts/type1/public/lm/lmc
sc10.pfb><C:/Users/Samuele/AppData/Local/Programs/MiKTeX/fonts/type1/public/lm/
lmmi10.pfb><C:/Users/Samuele/AppData/Local/Programs/MiKTeX/fonts/type1/public/l
m/lmr10.pfb><C:/Users/Samuele/AppData/Local/Programs/MiKTeX/fonts/type1/public/
lm/lmr7.pfb><C:/Users/Samuele/AppData/Local/Programs/MiKTeX/fonts/type1/public/
lm/lmro10.pfb><C:/Users/Samuele/AppData/Local/Programs/MiKTeX/fonts/type1/publi
c/lm/lmsy10.pfb>
Output written on "Electrons drift.pdf" (17 pages, 12419406 bytes).
PDF statistics:
 298 PDF objects out of 1000 (max. 8388607)
 56 named destinations out of 1000 (max. 500000)
 274 words of extra memory for PDF output out of 10000 (max. 10000000)

